2019-12-05 00:01:26.255 INFO  org.springframework.context.annotation.AnnotationConfigApplicationContext Line:993 - Closing org.springframework.context.annotation.AnnotationConfigApplicationContext@99a65d3: startup date [Wed Dec 04 23:56:56 CST 2019]; parent: org.springframework.context.annotation.AnnotationConfigApplicationContext@ebb6851
2019-12-05 00:01:26.262 INFO  org.springframework.context.support.DefaultLifecycleProcessor Line:366 - Stopping beans in phase 0
2019-12-05 00:01:26.267 INFO  org.springframework.jmx.export.annotation.AnnotationMBeanExporter Line:451 - Unregistering JMX-exposed beans on shutdown
2019-12-05 00:01:26.269 INFO  org.springframework.jmx.export.annotation.AnnotationMBeanExporter Line:185 - Unregistering JMX-exposed beans
2019-12-05 00:01:26.305 INFO  org.springframework.context.annotation.AnnotationConfigApplicationContext Line:993 - Closing FeignContext-hetao-service: startup date [Wed Dec 04 23:56:57 CST 2019]; parent: org.springframework.context.annotation.AnnotationConfigApplicationContext@99a65d3
2019-12-05 00:01:38.782 INFO  org.springframework.context.annotation.AnnotationConfigApplicationContext Line:590 - Refreshing org.springframework.context.annotation.AnnotationConfigApplicationContext@71cf1b07: startup date [Thu Dec 05 00:01:38 CST 2019]; root of context hierarchy
2019-12-05 00:01:39.194 INFO  org.springframework.beans.factory.annotation.AutowiredAnnotationBeanPostProcessor Line:153 - JSR-330 'javax.inject.Inject' annotation found and supported for autowiring
2019-12-05 00:01:39.337 INFO  org.springframework.context.support.PostProcessorRegistrationDelegate$BeanPostProcessorChecker Line:326 - Bean 'configurationPropertiesRebinderAutoConfiguration' of type [org.springframework.cloud.autoconfigure.ConfigurationPropertiesRebinderAutoConfiguration$$EnhancerBySpringCGLIB$$42016c82] is not eligible for getting processed by all BeanPostProcessors (for example: not eligible for auto-proxying)
2019-12-05 00:01:43.542 INFO  com.alibaba.cloud.nacos.client.NacosPropertySourceBuilder Line:87  - Loading nacos data, dataId: 'hetao-h5.yaml', group: 'HETAO-H5'
2019-12-05 00:01:46.556 INFO  org.springframework.cloud.bootstrap.config.PropertySourceBootstrapConfiguration Line:98  - Located property source: CompositePropertySource {name='NACOS', propertySources=[NacosPropertySource {name='hetao-h5-dev.yaml'}, NacosPropertySource {name='hetao-h5.yaml'}]}
2019-12-05 00:01:46.564 INFO  com.baxianguohai.hetao.h5.HeTaoH5Application Line:666 - The following profiles are active: dev
2019-12-05 00:01:46.587 INFO  org.springframework.context.annotation.AnnotationConfigApplicationContext Line:590 - Refreshing org.springframework.context.annotation.AnnotationConfigApplicationContext@56193c7d: startup date [Thu Dec 05 00:01:46 CST 2019]; parent: org.springframework.context.annotation.AnnotationConfigApplicationContext@71cf1b07
2019-12-05 00:01:47.085 INFO  org.springframework.beans.factory.support.DefaultListableBeanFactory Line:73  - Overriding alias 'hetao-serviceFeignClient' definition for registered name 'com.baixianguohai.hetao.core.client.OrderClient' with new target name 'com.baixianguohai.hetao.core.client.OrderProductClient'
2019-12-05 00:01:47.086 INFO  org.springframework.beans.factory.support.DefaultListableBeanFactory Line:73  - Overriding alias 'hetao-serviceFeignClient' definition for registered name 'com.baixianguohai.hetao.core.client.OrderProductClient' with new target name 'com.baixianguohai.hetao.core.client.ProductClient'
2019-12-05 00:01:47.087 INFO  org.springframework.beans.factory.support.DefaultListableBeanFactory Line:73  - Overriding alias 'hetao-serviceFeignClient' definition for registered name 'com.baixianguohai.hetao.core.client.ProductClient' with new target name 'com.baixianguohai.hetao.core.client.UserClient'
2019-12-05 00:01:47.829 INFO  org.springframework.cloud.context.scope.GenericScope Line:294 - BeanFactory id=2c1a923b-0637-3d50-b5a8-49bf1bb83ce8
2019-12-05 00:01:47.857 INFO  org.springframework.beans.factory.annotation.AutowiredAnnotationBeanPostProcessor Line:153 - JSR-330 'javax.inject.Inject' annotation found and supported for autowiring
2019-12-05 00:01:48.018 INFO  org.springframework.context.support.PostProcessorRegistrationDelegate$BeanPostProcessorChecker Line:326 - Bean 'org.springframework.cloud.autoconfigure.ConfigurationPropertiesRebinderAutoConfiguration' of type [org.springframework.cloud.autoconfigure.ConfigurationPropertiesRebinderAutoConfiguration$$EnhancerBySpringCGLIB$$42016c82] is not eligible for getting processed by all BeanPostProcessors (for example: not eligible for auto-proxying)
2019-12-05 00:01:48.145 INFO  org.springframework.context.annotation.AnnotationConfigApplicationContext Line:590 - Refreshing FeignContext-hetao-service: startup date [Thu Dec 05 00:01:48 CST 2019]; parent: org.springframework.context.annotation.AnnotationConfigApplicationContext@56193c7d
2019-12-05 00:01:48.185 INFO  org.springframework.beans.factory.annotation.AutowiredAnnotationBeanPostProcessor Line:153 - JSR-330 'javax.inject.Inject' annotation found and supported for autowiring
2019-12-05 00:01:48.524 WARN  com.netflix.config.sources.URLConfigurationSource Line:121 - No URLs will be polled as dynamic configuration sources.
2019-12-05 00:01:48.525 INFO  com.netflix.config.sources.URLConfigurationSource Line:122 - To enable URLs as dynamic configuration sources, define System property archaius.configurationSource.additionalUrls or make config.properties available on classpath.
2019-12-05 00:01:48.532 WARN  com.netflix.config.sources.URLConfigurationSource Line:121 - No URLs will be polled as dynamic configuration sources.
2019-12-05 00:01:48.533 INFO  com.netflix.config.sources.URLConfigurationSource Line:122 - To enable URLs as dynamic configuration sources, define System property archaius.configurationSource.additionalUrls or make config.properties available on classpath.
2019-12-05 00:01:49.419 INFO  org.springframework.scheduling.concurrent.ThreadPoolTaskScheduler Line:171 - Initializing ExecutorService 
2019-12-05 00:01:51.699 INFO  org.springframework.jmx.export.annotation.AnnotationMBeanExporter Line:433 - Registering beans for JMX exposure on startup
2019-12-05 00:01:51.714 INFO  org.springframework.jmx.export.annotation.AnnotationMBeanExporter Line:895 - Bean with name 'environmentManager' has been autodetected for JMX exposure
2019-12-05 00:01:51.716 INFO  org.springframework.jmx.export.annotation.AnnotationMBeanExporter Line:895 - Bean with name 'configurationPropertiesRebinder' has been autodetected for JMX exposure
2019-12-05 00:01:51.717 INFO  org.springframework.jmx.export.annotation.AnnotationMBeanExporter Line:895 - Bean with name 'refreshScope' has been autodetected for JMX exposure
2019-12-05 00:01:51.721 INFO  org.springframework.jmx.export.annotation.AnnotationMBeanExporter Line:675 - Located managed bean 'environmentManager': registering with JMX server as MBean [org.springframework.cloud.context.environment:name=environmentManager,type=EnvironmentManager]
2019-12-05 00:01:51.736 INFO  org.springframework.jmx.export.annotation.AnnotationMBeanExporter Line:675 - Located managed bean 'refreshScope': registering with JMX server as MBean [org.springframework.cloud.context.scope.refresh:name=refreshScope,type=RefreshScope]
2019-12-05 00:01:51.759 INFO  org.springframework.jmx.export.annotation.AnnotationMBeanExporter Line:675 - Located managed bean 'configurationPropertiesRebinder': registering with JMX server as MBean [org.springframework.cloud.context.properties:name=configurationPropertiesRebinder,context=56193c7d,type=ConfigurationPropertiesRebinder]
2019-12-05 00:01:51.778 INFO  org.springframework.context.support.DefaultLifecycleProcessor Line:351 - Starting beans in phase 0
2019-12-05 00:01:51.810 INFO  com.baxianguohai.hetao.h5.HeTaoH5Application Line:59  - Started HeTaoH5Application in 14.825 seconds (JVM running for 16.813)
2019-12-05 00:02:16.732 INFO  org.springframework.context.annotation.AnnotationConfigApplicationContext Line:993 - Closing org.springframework.context.annotation.AnnotationConfigApplicationContext@56193c7d: startup date [Thu Dec 05 00:01:46 CST 2019]; parent: org.springframework.context.annotation.AnnotationConfigApplicationContext@71cf1b07
2019-12-05 00:02:16.736 INFO  org.springframework.context.support.DefaultLifecycleProcessor Line:366 - Stopping beans in phase 0
2019-12-05 00:02:16.739 INFO  org.springframework.jmx.export.annotation.AnnotationMBeanExporter Line:451 - Unregistering JMX-exposed beans on shutdown
2019-12-05 00:02:16.740 INFO  org.springframework.jmx.export.annotation.AnnotationMBeanExporter Line:185 - Unregistering JMX-exposed beans
2019-12-05 00:02:16.743 INFO  org.springframework.context.annotation.AnnotationConfigApplicationContext Line:993 - Closing FeignContext-hetao-service: startup date [Thu Dec 05 00:01:48 CST 2019]; parent: org.springframework.context.annotation.AnnotationConfigApplicationContext@56193c7d
2019-12-05 00:06:25.549 INFO  org.springframework.context.annotation.AnnotationConfigApplicationContext Line:590 - Refreshing org.springframework.context.annotation.AnnotationConfigApplicationContext@615091b8: startup date [Thu Dec 05 00:06:25 CST 2019]; root of context hierarchy
2019-12-05 00:06:25.950 INFO  org.springframework.beans.factory.annotation.AutowiredAnnotationBeanPostProcessor Line:153 - JSR-330 'javax.inject.Inject' annotation found and supported for autowiring
2019-12-05 00:06:26.027 INFO  org.springframework.context.support.PostProcessorRegistrationDelegate$BeanPostProcessorChecker Line:326 - Bean 'configurationPropertiesRebinderAutoConfiguration' of type [org.springframework.cloud.autoconfigure.ConfigurationPropertiesRebinderAutoConfiguration$$EnhancerBySpringCGLIB$$64f8d49b] is not eligible for getting processed by all BeanPostProcessors (for example: not eligible for auto-proxying)
2019-12-05 00:06:30.063 INFO  com.alibaba.cloud.nacos.client.NacosPropertySourceBuilder Line:87  - Loading nacos data, dataId: 'hetao-h5.yaml', group: 'HETAO-H5'
2019-12-05 00:06:33.082 INFO  org.springframework.cloud.bootstrap.config.PropertySourceBootstrapConfiguration Line:98  - Located property source: CompositePropertySource {name='NACOS', propertySources=[NacosPropertySource {name='hetao-h5-dev.yaml'}, NacosPropertySource {name='hetao-h5.yaml'}]}
2019-12-05 00:06:33.091 INFO  com.baxianguohai.hetao.h5.HeTaoH5Application Line:666 - The following profiles are active: dev
2019-12-05 00:06:33.114 INFO  org.springframework.context.annotation.AnnotationConfigApplicationContext Line:590 - Refreshing org.springframework.context.annotation.AnnotationConfigApplicationContext@28c88600: startup date [Thu Dec 05 00:06:33 CST 2019]; parent: org.springframework.context.annotation.AnnotationConfigApplicationContext@615091b8
2019-12-05 00:06:33.586 INFO  org.springframework.beans.factory.support.DefaultListableBeanFactory Line:73  - Overriding alias 'hetao-serviceFeignClient' definition for registered name 'com.baixianguohai.hetao.core.client.OrderClient' with new target name 'com.baixianguohai.hetao.core.client.OrderProductClient'
2019-12-05 00:06:33.587 INFO  org.springframework.beans.factory.support.DefaultListableBeanFactory Line:73  - Overriding alias 'hetao-serviceFeignClient' definition for registered name 'com.baixianguohai.hetao.core.client.OrderProductClient' with new target name 'com.baixianguohai.hetao.core.client.ProductClient'
2019-12-05 00:06:33.587 INFO  org.springframework.beans.factory.support.DefaultListableBeanFactory Line:73  - Overriding alias 'hetao-serviceFeignClient' definition for registered name 'com.baixianguohai.hetao.core.client.ProductClient' with new target name 'com.baixianguohai.hetao.core.client.UserClient'
2019-12-05 00:06:34.161 INFO  org.springframework.cloud.context.scope.GenericScope Line:294 - BeanFactory id=2c1a923b-0637-3d50-b5a8-49bf1bb83ce8
2019-12-05 00:06:34.179 INFO  org.springframework.beans.factory.annotation.AutowiredAnnotationBeanPostProcessor Line:153 - JSR-330 'javax.inject.Inject' annotation found and supported for autowiring
2019-12-05 00:06:34.308 INFO  org.springframework.context.support.PostProcessorRegistrationDelegate$BeanPostProcessorChecker Line:326 - Bean 'org.springframework.cloud.autoconfigure.ConfigurationPropertiesRebinderAutoConfiguration' of type [org.springframework.cloud.autoconfigure.ConfigurationPropertiesRebinderAutoConfiguration$$EnhancerBySpringCGLIB$$64f8d49b] is not eligible for getting processed by all BeanPostProcessors (for example: not eligible for auto-proxying)
2019-12-05 00:06:34.406 INFO  org.springframework.context.annotation.AnnotationConfigApplicationContext Line:590 - Refreshing FeignContext-hetao-service: startup date [Thu Dec 05 00:06:34 CST 2019]; parent: org.springframework.context.annotation.AnnotationConfigApplicationContext@28c88600
2019-12-05 00:06:34.438 INFO  org.springframework.beans.factory.annotation.AutowiredAnnotationBeanPostProcessor Line:153 - JSR-330 'javax.inject.Inject' annotation found and supported for autowiring
2019-12-05 00:06:34.764 WARN  com.netflix.config.sources.URLConfigurationSource Line:121 - No URLs will be polled as dynamic configuration sources.
2019-12-05 00:06:34.764 INFO  com.netflix.config.sources.URLConfigurationSource Line:122 - To enable URLs as dynamic configuration sources, define System property archaius.configurationSource.additionalUrls or make config.properties available on classpath.
2019-12-05 00:06:34.773 WARN  com.netflix.config.sources.URLConfigurationSource Line:121 - No URLs will be polled as dynamic configuration sources.
2019-12-05 00:06:34.774 INFO  com.netflix.config.sources.URLConfigurationSource Line:122 - To enable URLs as dynamic configuration sources, define System property archaius.configurationSource.additionalUrls or make config.properties available on classpath.
2019-12-05 00:06:35.557 INFO  org.springframework.scheduling.concurrent.ThreadPoolTaskScheduler Line:171 - Initializing ExecutorService 
2019-12-05 00:06:37.617 INFO  org.springframework.jmx.export.annotation.AnnotationMBeanExporter Line:433 - Registering beans for JMX exposure on startup
2019-12-05 00:06:37.630 INFO  org.springframework.jmx.export.annotation.AnnotationMBeanExporter Line:895 - Bean with name 'environmentManager' has been autodetected for JMX exposure
2019-12-05 00:06:37.634 INFO  org.springframework.jmx.export.annotation.AnnotationMBeanExporter Line:895 - Bean with name 'configurationPropertiesRebinder' has been autodetected for JMX exposure
2019-12-05 00:06:37.635 INFO  org.springframework.jmx.export.annotation.AnnotationMBeanExporter Line:895 - Bean with name 'refreshScope' has been autodetected for JMX exposure
2019-12-05 00:06:37.638 INFO  org.springframework.jmx.export.annotation.AnnotationMBeanExporter Line:675 - Located managed bean 'environmentManager': registering with JMX server as MBean [org.springframework.cloud.context.environment:name=environmentManager,type=EnvironmentManager]
2019-12-05 00:06:37.653 INFO  org.springframework.jmx.export.annotation.AnnotationMBeanExporter Line:675 - Located managed bean 'refreshScope': registering with JMX server as MBean [org.springframework.cloud.context.scope.refresh:name=refreshScope,type=RefreshScope]
2019-12-05 00:06:37.673 INFO  org.springframework.jmx.export.annotation.AnnotationMBeanExporter Line:675 - Located managed bean 'configurationPropertiesRebinder': registering with JMX server as MBean [org.springframework.cloud.context.properties:name=configurationPropertiesRebinder,context=28c88600,type=ConfigurationPropertiesRebinder]
2019-12-05 00:06:37.690 INFO  org.springframework.context.support.DefaultLifecycleProcessor Line:351 - Starting beans in phase 0
2019-12-05 00:06:37.716 INFO  com.baxianguohai.hetao.h5.HeTaoH5Application Line:59  - Started HeTaoH5Application in 13.737 seconds (JVM running for 16.027)
2019-12-05 00:07:40.335 INFO  org.springframework.context.annotation.AnnotationConfigApplicationContext Line:993 - Closing org.springframework.context.annotation.AnnotationConfigApplicationContext@28c88600: startup date [Thu Dec 05 00:06:33 CST 2019]; parent: org.springframework.context.annotation.AnnotationConfigApplicationContext@615091b8
2019-12-05 00:07:40.339 INFO  org.springframework.context.support.DefaultLifecycleProcessor Line:366 - Stopping beans in phase 0
2019-12-05 00:07:40.341 INFO  org.springframework.jmx.export.annotation.AnnotationMBeanExporter Line:451 - Unregistering JMX-exposed beans on shutdown
2019-12-05 00:07:40.342 INFO  org.springframework.jmx.export.annotation.AnnotationMBeanExporter Line:185 - Unregistering JMX-exposed beans
2019-12-05 00:07:40.346 INFO  org.springframework.context.annotation.AnnotationConfigApplicationContext Line:993 - Closing FeignContext-hetao-service: startup date [Thu Dec 05 00:06:34 CST 2019]; parent: org.springframework.context.annotation.AnnotationConfigApplicationContext@28c88600
2019-12-05 10:17:44.575 INFO  org.springframework.context.annotation.AnnotationConfigApplicationContext Line:590 - Refreshing org.springframework.context.annotation.AnnotationConfigApplicationContext@70ab2d48: startup date [Thu Dec 05 10:17:44 CST 2019]; root of context hierarchy
2019-12-05 10:17:44.823 INFO  org.springframework.beans.factory.annotation.AutowiredAnnotationBeanPostProcessor Line:153 - JSR-330 'javax.inject.Inject' annotation found and supported for autowiring
2019-12-05 10:17:44.866 INFO  org.springframework.context.support.PostProcessorRegistrationDelegate$BeanPostProcessorChecker Line:326 - Bean 'configurationPropertiesRebinderAutoConfiguration' of type [org.springframework.cloud.autoconfigure.ConfigurationPropertiesRebinderAutoConfiguration$$EnhancerBySpringCGLIB$$7402998c] is not eligible for getting processed by all BeanPostProcessors (for example: not eligible for auto-proxying)
2019-12-05 10:17:45.634 INFO  com.alibaba.cloud.nacos.client.NacosPropertySourceBuilder Line:87  - Loading nacos data, dataId: 'hetao-h5.yaml', group: 'HETAO-H5'
2019-12-05 10:17:45.651 INFO  org.springframework.cloud.bootstrap.config.PropertySourceBootstrapConfiguration Line:98  - Located property source: CompositePropertySource {name='NACOS', propertySources=[NacosPropertySource {name='hetao-h5-dev.yaml'}, NacosPropertySource {name='hetao-h5.yaml'}]}
2019-12-05 10:17:45.654 INFO  com.baxianguohai.hetao.h5.HeTaoH5Application Line:666 - The following profiles are active: dev
2019-12-05 10:17:45.674 INFO  org.springframework.context.annotation.AnnotationConfigApplicationContext Line:590 - Refreshing org.springframework.context.annotation.AnnotationConfigApplicationContext@32fdec40: startup date [Thu Dec 05 10:17:45 CST 2019]; parent: org.springframework.context.annotation.AnnotationConfigApplicationContext@70ab2d48
2019-12-05 10:17:46.402 INFO  org.springframework.beans.factory.support.DefaultListableBeanFactory Line:73  - Overriding alias 'hetao-serviceFeignClient' definition for registered name 'com.baixianguohai.hetao.core.client.OrderClient' with new target name 'com.baixianguohai.hetao.core.client.OrderProductClient'
2019-12-05 10:17:46.402 INFO  org.springframework.beans.factory.support.DefaultListableBeanFactory Line:73  - Overriding alias 'hetao-serviceFeignClient' definition for registered name 'com.baixianguohai.hetao.core.client.OrderProductClient' with new target name 'com.baixianguohai.hetao.core.client.ProductClient'
2019-12-05 10:17:46.402 INFO  org.springframework.beans.factory.support.DefaultListableBeanFactory Line:73  - Overriding alias 'hetao-serviceFeignClient' definition for registered name 'com.baixianguohai.hetao.core.client.ProductClient' with new target name 'com.baixianguohai.hetao.core.client.UserClient'
2019-12-05 10:17:46.735 INFO  org.springframework.cloud.context.scope.GenericScope Line:294 - BeanFactory id=2c1a923b-0637-3d50-b5a8-49bf1bb83ce8
2019-12-05 10:17:46.747 INFO  org.springframework.beans.factory.annotation.AutowiredAnnotationBeanPostProcessor Line:153 - JSR-330 'javax.inject.Inject' annotation found and supported for autowiring
2019-12-05 10:17:46.827 INFO  org.springframework.context.support.PostProcessorRegistrationDelegate$BeanPostProcessorChecker Line:326 - Bean 'org.springframework.cloud.autoconfigure.ConfigurationPropertiesRebinderAutoConfiguration' of type [org.springframework.cloud.autoconfigure.ConfigurationPropertiesRebinderAutoConfiguration$$EnhancerBySpringCGLIB$$7402998c] is not eligible for getting processed by all BeanPostProcessors (for example: not eligible for auto-proxying)
2019-12-05 10:17:46.879 INFO  org.springframework.context.annotation.AnnotationConfigApplicationContext Line:590 - Refreshing FeignContext-hetao-service: startup date [Thu Dec 05 10:17:46 CST 2019]; parent: org.springframework.context.annotation.AnnotationConfigApplicationContext@32fdec40
2019-12-05 10:17:46.925 INFO  org.springframework.beans.factory.annotation.AutowiredAnnotationBeanPostProcessor Line:153 - JSR-330 'javax.inject.Inject' annotation found and supported for autowiring
2019-12-05 10:17:47.090 WARN  com.netflix.config.sources.URLConfigurationSource Line:121 - No URLs will be polled as dynamic configuration sources.
2019-12-05 10:17:47.090 INFO  com.netflix.config.sources.URLConfigurationSource Line:122 - To enable URLs as dynamic configuration sources, define System property archaius.configurationSource.additionalUrls or make config.properties available on classpath.
2019-12-05 10:17:47.095 WARN  com.netflix.config.sources.URLConfigurationSource Line:121 - No URLs will be polled as dynamic configuration sources.
2019-12-05 10:17:47.095 INFO  com.netflix.config.sources.URLConfigurationSource Line:122 - To enable URLs as dynamic configuration sources, define System property archaius.configurationSource.additionalUrls or make config.properties available on classpath.
2019-12-05 10:17:47.597 INFO  org.springframework.scheduling.concurrent.ThreadPoolTaskScheduler Line:171 - Initializing ExecutorService 
2019-12-05 10:17:48.857 INFO  org.springframework.jmx.export.annotation.AnnotationMBeanExporter Line:433 - Registering beans for JMX exposure on startup
2019-12-05 10:17:48.867 INFO  org.springframework.jmx.export.annotation.AnnotationMBeanExporter Line:895 - Bean with name 'environmentManager' has been autodetected for JMX exposure
2019-12-05 10:17:48.869 INFO  org.springframework.jmx.export.annotation.AnnotationMBeanExporter Line:895 - Bean with name 'configurationPropertiesRebinder' has been autodetected for JMX exposure
2019-12-05 10:17:48.870 INFO  org.springframework.jmx.export.annotation.AnnotationMBeanExporter Line:895 - Bean with name 'refreshScope' has been autodetected for JMX exposure
2019-12-05 10:17:48.873 INFO  org.springframework.jmx.export.annotation.AnnotationMBeanExporter Line:675 - Located managed bean 'environmentManager': registering with JMX server as MBean [org.springframework.cloud.context.environment:name=environmentManager,type=EnvironmentManager]
2019-12-05 10:17:48.880 INFO  org.springframework.jmx.export.annotation.AnnotationMBeanExporter Line:675 - Located managed bean 'refreshScope': registering with JMX server as MBean [org.springframework.cloud.context.scope.refresh:name=refreshScope,type=RefreshScope]
2019-12-05 10:17:48.891 INFO  org.springframework.jmx.export.annotation.AnnotationMBeanExporter Line:675 - Located managed bean 'configurationPropertiesRebinder': registering with JMX server as MBean [org.springframework.cloud.context.properties:name=configurationPropertiesRebinder,context=32fdec40,type=ConfigurationPropertiesRebinder]
2019-12-05 10:17:48.902 INFO  org.springframework.context.support.DefaultLifecycleProcessor Line:351 - Starting beans in phase 0
2019-12-05 10:17:48.919 INFO  com.baxianguohai.hetao.h5.HeTaoH5Application Line:59  - Started HeTaoH5Application in 5.68 seconds (JVM running for 7.95)
2019-12-05 10:47:53.448 INFO  org.springframework.context.annotation.AnnotationConfigApplicationContext Line:993 - Closing org.springframework.context.annotation.AnnotationConfigApplicationContext@32fdec40: startup date [Thu Dec 05 10:17:45 CST 2019]; parent: org.springframework.context.annotation.AnnotationConfigApplicationContext@70ab2d48
2019-12-05 10:47:53.450 INFO  org.springframework.context.support.DefaultLifecycleProcessor Line:366 - Stopping beans in phase 0
2019-12-05 10:47:53.451 INFO  org.springframework.jmx.export.annotation.AnnotationMBeanExporter Line:451 - Unregistering JMX-exposed beans on shutdown
2019-12-05 10:47:53.452 INFO  org.springframework.jmx.export.annotation.AnnotationMBeanExporter Line:185 - Unregistering JMX-exposed beans
2019-12-05 10:47:53.480 INFO  org.springframework.context.annotation.AnnotationConfigApplicationContext Line:993 - Closing FeignContext-hetao-service: startup date [Thu Dec 05 10:17:46 CST 2019]; parent: org.springframework.context.annotation.AnnotationConfigApplicationContext@32fdec40
2019-12-05 10:51:51.309 INFO  org.springframework.context.annotation.AnnotationConfigApplicationContext Line:590 - Refreshing org.springframework.context.annotation.AnnotationConfigApplicationContext@260e86a1: startup date [Thu Dec 05 10:51:51 CST 2019]; root of context hierarchy
2019-12-05 10:51:51.504 INFO  org.springframework.beans.factory.annotation.AutowiredAnnotationBeanPostProcessor Line:153 - JSR-330 'javax.inject.Inject' annotation found and supported for autowiring
2019-12-05 10:51:51.535 INFO  org.springframework.context.support.PostProcessorRegistrationDelegate$BeanPostProcessorChecker Line:326 - Bean 'configurationPropertiesRebinderAutoConfiguration' of type [org.springframework.cloud.autoconfigure.ConfigurationPropertiesRebinderAutoConfiguration$$EnhancerBySpringCGLIB$$fa2215b1] is not eligible for getting processed by all BeanPostProcessors (for example: not eligible for auto-proxying)
2019-12-05 10:51:52.102 INFO  com.alibaba.cloud.nacos.client.NacosPropertySourceBuilder Line:87  - Loading nacos data, dataId: 'hetao-h5.yaml', group: 'HETAO-H5'
2019-12-05 10:51:52.123 INFO  org.springframework.cloud.bootstrap.config.PropertySourceBootstrapConfiguration Line:98  - Located property source: CompositePropertySource {name='NACOS', propertySources=[NacosPropertySource {name='hetao-h5-dev.yaml'}, NacosPropertySource {name='hetao-h5.yaml'}]}
2019-12-05 10:51:52.127 INFO  com.baxianguohai.hetao.h5.HeTaoH5Application Line:666 - The following profiles are active: dev
2019-12-05 10:51:52.142 INFO  org.springframework.context.annotation.AnnotationConfigApplicationContext Line:590 - Refreshing org.springframework.context.annotation.AnnotationConfigApplicationContext@138a7441: startup date [Thu Dec 05 10:51:52 CST 2019]; parent: org.springframework.context.annotation.AnnotationConfigApplicationContext@260e86a1
2019-12-05 10:51:52.441 INFO  org.springframework.beans.factory.support.DefaultListableBeanFactory Line:73  - Overriding alias 'hetao-serviceFeignClient' definition for registered name 'com.baixianguohai.hetao.core.client.OrderClient' with new target name 'com.baixianguohai.hetao.core.client.OrderProductClient'
2019-12-05 10:51:52.442 INFO  org.springframework.beans.factory.support.DefaultListableBeanFactory Line:73  - Overriding alias 'hetao-serviceFeignClient' definition for registered name 'com.baixianguohai.hetao.core.client.OrderProductClient' with new target name 'com.baixianguohai.hetao.core.client.ProductClient'
2019-12-05 10:51:52.442 INFO  org.springframework.beans.factory.support.DefaultListableBeanFactory Line:73  - Overriding alias 'hetao-serviceFeignClient' definition for registered name 'com.baixianguohai.hetao.core.client.ProductClient' with new target name 'com.baixianguohai.hetao.core.client.UserClient'
2019-12-05 10:51:52.777 INFO  org.springframework.cloud.context.scope.GenericScope Line:294 - BeanFactory id=2c1a923b-0637-3d50-b5a8-49bf1bb83ce8
2019-12-05 10:51:52.788 INFO  org.springframework.beans.factory.annotation.AutowiredAnnotationBeanPostProcessor Line:153 - JSR-330 'javax.inject.Inject' annotation found and supported for autowiring
2019-12-05 10:51:52.863 INFO  org.springframework.context.support.PostProcessorRegistrationDelegate$BeanPostProcessorChecker Line:326 - Bean 'org.springframework.cloud.autoconfigure.ConfigurationPropertiesRebinderAutoConfiguration' of type [org.springframework.cloud.autoconfigure.ConfigurationPropertiesRebinderAutoConfiguration$$EnhancerBySpringCGLIB$$fa2215b1] is not eligible for getting processed by all BeanPostProcessors (for example: not eligible for auto-proxying)
2019-12-05 10:51:52.913 INFO  org.springframework.context.annotation.AnnotationConfigApplicationContext Line:590 - Refreshing FeignContext-hetao-service: startup date [Thu Dec 05 10:51:52 CST 2019]; parent: org.springframework.context.annotation.AnnotationConfigApplicationContext@138a7441
2019-12-05 10:51:52.928 INFO  org.springframework.beans.factory.annotation.AutowiredAnnotationBeanPostProcessor Line:153 - JSR-330 'javax.inject.Inject' annotation found and supported for autowiring
2019-12-05 10:51:53.085 WARN  com.netflix.config.sources.URLConfigurationSource Line:121 - No URLs will be polled as dynamic configuration sources.
2019-12-05 10:51:53.086 INFO  com.netflix.config.sources.URLConfigurationSource Line:122 - To enable URLs as dynamic configuration sources, define System property archaius.configurationSource.additionalUrls or make config.properties available on classpath.
2019-12-05 10:51:53.090 WARN  com.netflix.config.sources.URLConfigurationSource Line:121 - No URLs will be polled as dynamic configuration sources.
2019-12-05 10:51:53.090 INFO  com.netflix.config.sources.URLConfigurationSource Line:122 - To enable URLs as dynamic configuration sources, define System property archaius.configurationSource.additionalUrls or make config.properties available on classpath.
2019-12-05 10:51:53.533 INFO  org.springframework.scheduling.concurrent.ThreadPoolTaskScheduler Line:171 - Initializing ExecutorService 
2019-12-05 10:51:54.666 INFO  org.springframework.jmx.export.annotation.AnnotationMBeanExporter Line:433 - Registering beans for JMX exposure on startup
2019-12-05 10:51:54.675 INFO  org.springframework.jmx.export.annotation.AnnotationMBeanExporter Line:895 - Bean with name 'environmentManager' has been autodetected for JMX exposure
2019-12-05 10:51:54.676 INFO  org.springframework.jmx.export.annotation.AnnotationMBeanExporter Line:895 - Bean with name 'configurationPropertiesRebinder' has been autodetected for JMX exposure
2019-12-05 10:51:54.677 INFO  org.springframework.jmx.export.annotation.AnnotationMBeanExporter Line:895 - Bean with name 'refreshScope' has been autodetected for JMX exposure
2019-12-05 10:51:54.680 INFO  org.springframework.jmx.export.annotation.AnnotationMBeanExporter Line:675 - Located managed bean 'environmentManager': registering with JMX server as MBean [org.springframework.cloud.context.environment:name=environmentManager,type=EnvironmentManager]
2019-12-05 10:51:54.686 INFO  org.springframework.jmx.export.annotation.AnnotationMBeanExporter Line:675 - Located managed bean 'refreshScope': registering with JMX server as MBean [org.springframework.cloud.context.scope.refresh:name=refreshScope,type=RefreshScope]
2019-12-05 10:51:54.697 INFO  org.springframework.jmx.export.annotation.AnnotationMBeanExporter Line:675 - Located managed bean 'configurationPropertiesRebinder': registering with JMX server as MBean [org.springframework.cloud.context.properties:name=configurationPropertiesRebinder,context=138a7441,type=ConfigurationPropertiesRebinder]
2019-12-05 10:51:54.706 INFO  org.springframework.context.support.DefaultLifecycleProcessor Line:351 - Starting beans in phase 0
2019-12-05 10:51:54.726 INFO  com.baxianguohai.hetao.h5.HeTaoH5Application Line:59  - Started HeTaoH5Application in 4.325 seconds (JVM running for 5.341)
2019-12-05 10:52:08.300 INFO  org.springframework.context.annotation.AnnotationConfigApplicationContext Line:993 - Closing org.springframework.context.annotation.AnnotationConfigApplicationContext@138a7441: startup date [Thu Dec 05 10:51:52 CST 2019]; parent: org.springframework.context.annotation.AnnotationConfigApplicationContext@260e86a1
2019-12-05 10:52:08.302 INFO  org.springframework.context.support.DefaultLifecycleProcessor Line:366 - Stopping beans in phase 0
2019-12-05 10:52:08.305 INFO  org.springframework.jmx.export.annotation.AnnotationMBeanExporter Line:451 - Unregistering JMX-exposed beans on shutdown
2019-12-05 10:52:08.306 INFO  org.springframework.jmx.export.annotation.AnnotationMBeanExporter Line:185 - Unregistering JMX-exposed beans
2019-12-05 10:52:08.309 INFO  org.springframework.context.annotation.AnnotationConfigApplicationContext Line:993 - Closing FeignContext-hetao-service: startup date [Thu Dec 05 10:51:52 CST 2019]; parent: org.springframework.context.annotation.AnnotationConfigApplicationContext@138a7441
