2019-12-03 13:59:41.773 INFO  org.springframework.context.annotation.AnnotationConfigApplicationContext Line:590 - Refreshing org.springframework.context.annotation.AnnotationConfigApplicationContext@7a560583: startup date [Tue Dec 03 13:59:41 CST 2019]; root of context hierarchy
2019-12-03 13:59:42.047 INFO  org.springframework.beans.factory.annotation.AutowiredAnnotationBeanPostProcessor Line:153 - JSR-330 'javax.inject.Inject' annotation found and supported for autowiring
2019-12-03 13:59:42.083 INFO  org.springframework.context.support.PostProcessorRegistrationDelegate$BeanPostProcessorChecker Line:326 - Bean 'configurationPropertiesRebinderAutoConfiguration' of type [org.springframework.cloud.autoconfigure.ConfigurationPropertiesRebinderAutoConfiguration$$EnhancerBySpringCGLIB$$c37e5147] is not eligible for getting processed by all BeanPostProcessors (for example: not eligible for auto-proxying)
2019-12-03 13:59:42.311 INFO  com.baxianguohai.hetao.service.HeTaoServiceApplication Line:666 - The following profiles are active: dev,dev_jdbc
2019-12-03 13:59:42.328 INFO  org.springframework.boot.web.servlet.context.AnnotationConfigServletWebServerApplicationContext Line:590 - Refreshing org.springframework.boot.web.servlet.context.AnnotationConfigServletWebServerApplicationContext@2e3a5237: startup date [Tue Dec 03 13:59:42 CST 2019]; parent: org.springframework.context.annotation.AnnotationConfigApplicationContext@7a560583
2019-12-03 13:59:43.221 INFO  org.springframework.cloud.context.scope.GenericScope Line:294 - BeanFactory id=37cc7c5e-56a8-3372-9c09-59383f88eeae
2019-12-03 13:59:43.336 INFO  org.springframework.beans.factory.annotation.AutowiredAnnotationBeanPostProcessor Line:153 - JSR-330 'javax.inject.Inject' annotation found and supported for autowiring
2019-12-03 13:59:43.415 INFO  org.springframework.context.support.PostProcessorRegistrationDelegate$BeanPostProcessorChecker Line:326 - Bean 'org.springframework.transaction.annotation.ProxyTransactionManagementConfiguration' of type [org.springframework.transaction.annotation.ProxyTransactionManagementConfiguration$$EnhancerBySpringCGLIB$$a7644e4a] is not eligible for getting processed by all BeanPostProcessors (for example: not eligible for auto-proxying)
2019-12-03 13:59:43.447 INFO  org.springframework.context.support.PostProcessorRegistrationDelegate$BeanPostProcessorChecker Line:326 - Bean 'org.springframework.cloud.autoconfigure.ConfigurationPropertiesRebinderAutoConfiguration' of type [org.springframework.cloud.autoconfigure.ConfigurationPropertiesRebinderAutoConfiguration$$EnhancerBySpringCGLIB$$c37e5147] is not eligible for getting processed by all BeanPostProcessors (for example: not eligible for auto-proxying)
2019-12-03 13:59:43.788 INFO  org.springframework.boot.web.embedded.tomcat.TomcatWebServer Line:91  - Tomcat initialized with port(s): 9090 (http)
2019-12-03 13:59:43.800 INFO  org.apache.coyote.http11.Http11NioProtocol Line:180 - Initializing ProtocolHandler ["http-nio-9090"]
2019-12-03 13:59:43.810 INFO  org.apache.catalina.core.StandardService Line:180 - Starting service [Tomcat]
2019-12-03 13:59:43.811 INFO  org.apache.catalina.core.StandardEngine Line:180 - Starting Servlet Engine: Apache Tomcat/8.5.32
2019-12-03 13:59:43.814 INFO  org.apache.catalina.core.AprLifecycleListener Line:180 - The APR based Apache Tomcat Native library which allows optimal performance in production environments was not found on the java.library.path: [/usr/java/packages/lib/amd64:/usr/lib64:/lib64:/lib:/usr/lib]
2019-12-03 13:59:43.893 INFO  org.apache.catalina.core.ContainerBase.[Tomcat].[localhost].[/] Line:180 - Initializing Spring embedded WebApplicationContext
2019-12-03 13:59:43.893 INFO  org.springframework.web.context.ContextLoader Line:285 - Root WebApplicationContext: initialization completed in 1565 ms
2019-12-03 13:59:44.980 INFO  org.springframework.boot.web.servlet.FilterRegistrationBean Line:245 - Mapping filter: 'characterEncodingFilter' to: [/*]
2019-12-03 13:59:44.980 INFO  org.springframework.boot.web.servlet.FilterRegistrationBean Line:245 - Mapping filter: 'webMvcMetricsFilter' to: [/*]
2019-12-03 13:59:44.980 INFO  org.springframework.boot.web.servlet.FilterRegistrationBean Line:245 - Mapping filter: 'hiddenHttpMethodFilter' to: [/*]
2019-12-03 13:59:44.981 INFO  org.springframework.boot.web.servlet.FilterRegistrationBean Line:245 - Mapping filter: 'httpPutFormContentFilter' to: [/*]
2019-12-03 13:59:44.981 INFO  org.springframework.boot.web.servlet.FilterRegistrationBean Line:245 - Mapping filter: 'requestContextFilter' to: [/*]
2019-12-03 13:59:44.981 INFO  org.springframework.boot.web.servlet.FilterRegistrationBean Line:245 - Mapping filter: 'httpTraceFilter' to: [/*]
2019-12-03 13:59:44.981 INFO  org.springframework.boot.web.servlet.ServletRegistrationBean Line:187 - Servlet dispatcherServlet mapped to [/]
2019-12-03 13:59:45.640 WARN  com.netflix.config.sources.URLConfigurationSource Line:121 - No URLs will be polled as dynamic configuration sources.
2019-12-03 13:59:45.640 INFO  com.netflix.config.sources.URLConfigurationSource Line:122 - To enable URLs as dynamic configuration sources, define System property archaius.configurationSource.additionalUrls or make config.properties available on classpath.
2019-12-03 13:59:45.645 WARN  com.netflix.config.sources.URLConfigurationSource Line:121 - No URLs will be polled as dynamic configuration sources.
2019-12-03 13:59:45.645 INFO  com.netflix.config.sources.URLConfigurationSource Line:122 - To enable URLs as dynamic configuration sources, define System property archaius.configurationSource.additionalUrls or make config.properties available on classpath.
2019-12-03 13:59:45.899 INFO  org.springframework.web.servlet.handler.SimpleUrlHandlerMapping Line:373 - Mapped URL path [/**/favicon.ico] onto handler of type [class org.springframework.web.servlet.resource.ResourceHttpRequestHandler]
2019-12-03 13:59:46.113 INFO  org.springframework.web.servlet.mvc.method.annotation.RequestMappingHandlerAdapter Line:574 - Looking for @ControllerAdvice: org.springframework.boot.web.servlet.context.AnnotationConfigServletWebServerApplicationContext@2e3a5237: startup date [Tue Dec 03 13:59:42 CST 2019]; parent: org.springframework.context.annotation.AnnotationConfigApplicationContext@7a560583
2019-12-03 13:59:46.174 INFO  org.springframework.web.servlet.mvc.method.annotation.RequestMappingHandlerMapping Line:547 - Mapped "{[/order/save]}" onto public java.lang.String com.baxianguohai.hetao.service.controller.OrderController.save(java.lang.String,java.lang.String)
2019-12-03 13:59:46.179 INFO  org.springframework.web.servlet.mvc.method.annotation.RequestMappingHandlerMapping Line:547 - Mapped "{[/error],produces=[text/html]}" onto public org.springframework.web.servlet.ModelAndView org.springframework.boot.autoconfigure.web.servlet.error.BasicErrorController.errorHtml(javax.servlet.http.HttpServletRequest,javax.servlet.http.HttpServletResponse)
2019-12-03 13:59:46.179 INFO  org.springframework.web.servlet.mvc.method.annotation.RequestMappingHandlerMapping Line:547 - Mapped "{[/error]}" onto public org.springframework.http.ResponseEntity<java.util.Map<java.lang.String, java.lang.Object>> org.springframework.boot.autoconfigure.web.servlet.error.BasicErrorController.error(javax.servlet.http.HttpServletRequest)
2019-12-03 13:59:46.215 INFO  org.springframework.web.servlet.handler.SimpleUrlHandlerMapping Line:373 - Mapped URL path [/webjars/**] onto handler of type [class org.springframework.web.servlet.resource.ResourceHttpRequestHandler]
2019-12-03 13:59:46.216 INFO  org.springframework.web.servlet.handler.SimpleUrlHandlerMapping Line:373 - Mapped URL path [/**] onto handler of type [class org.springframework.web.servlet.resource.ResourceHttpRequestHandler]
2019-12-03 13:59:46.710 INFO  org.springframework.scheduling.concurrent.ThreadPoolTaskScheduler Line:171 - Initializing ExecutorService 
2019-12-03 13:59:46.817 INFO  org.springframework.boot.actuate.endpoint.web.EndpointLinksResolver Line:59  - Exposing 2 endpoint(s) beneath base path '/actuator'
2019-12-03 13:59:46.831 INFO  org.springframework.boot.actuate.endpoint.web.servlet.WebMvcEndpointHandlerMapping Line:547 - Mapped "{[/actuator/health],methods=[GET],produces=[application/vnd.spring-boot.actuator.v2+json || application/json]}" onto public java.lang.Object org.springframework.boot.actuate.endpoint.web.servlet.AbstractWebMvcEndpointHandlerMapping$OperationHandler.handle(javax.servlet.http.HttpServletRequest,java.util.Map<java.lang.String, java.lang.String>)
2019-12-03 13:59:46.832 INFO  org.springframework.boot.actuate.endpoint.web.servlet.WebMvcEndpointHandlerMapping Line:547 - Mapped "{[/actuator/info],methods=[GET],produces=[application/vnd.spring-boot.actuator.v2+json || application/json]}" onto public java.lang.Object org.springframework.boot.actuate.endpoint.web.servlet.AbstractWebMvcEndpointHandlerMapping$OperationHandler.handle(javax.servlet.http.HttpServletRequest,java.util.Map<java.lang.String, java.lang.String>)
2019-12-03 13:59:46.833 INFO  org.springframework.boot.actuate.endpoint.web.servlet.WebMvcEndpointHandlerMapping Line:547 - Mapped "{[/actuator],methods=[GET],produces=[application/vnd.spring-boot.actuator.v2+json || application/json]}" onto protected java.util.Map<java.lang.String, java.util.Map<java.lang.String, org.springframework.boot.actuate.endpoint.web.Link>> org.springframework.boot.actuate.endpoint.web.servlet.WebMvcEndpointHandlerMapping.links(javax.servlet.http.HttpServletRequest,javax.servlet.http.HttpServletResponse)
2019-12-03 13:59:46.888 INFO  org.springframework.jmx.export.annotation.AnnotationMBeanExporter Line:433 - Registering beans for JMX exposure on startup
2019-12-03 13:59:46.889 INFO  org.springframework.jmx.export.annotation.AnnotationMBeanExporter Line:895 - Bean with name 'dataSource' has been autodetected for JMX exposure
2019-12-03 13:59:46.897 INFO  org.springframework.jmx.export.annotation.AnnotationMBeanExporter Line:895 - Bean with name 'environmentManager' has been autodetected for JMX exposure
2019-12-03 13:59:46.899 INFO  org.springframework.jmx.export.annotation.AnnotationMBeanExporter Line:895 - Bean with name 'refreshScope' has been autodetected for JMX exposure
2019-12-03 13:59:46.900 INFO  org.springframework.jmx.export.annotation.AnnotationMBeanExporter Line:895 - Bean with name 'configurationPropertiesRebinder' has been autodetected for JMX exposure
2019-12-03 13:59:46.903 INFO  org.springframework.jmx.export.annotation.AnnotationMBeanExporter Line:675 - Located managed bean 'environmentManager': registering with JMX server as MBean [org.springframework.cloud.context.environment:name=environmentManager,type=EnvironmentManager]
2019-12-03 13:59:46.911 INFO  org.springframework.jmx.export.annotation.AnnotationMBeanExporter Line:675 - Located managed bean 'refreshScope': registering with JMX server as MBean [org.springframework.cloud.context.scope.refresh:name=refreshScope,type=RefreshScope]
2019-12-03 13:59:46.924 INFO  org.springframework.jmx.export.annotation.AnnotationMBeanExporter Line:675 - Located managed bean 'configurationPropertiesRebinder': registering with JMX server as MBean [org.springframework.cloud.context.properties:name=configurationPropertiesRebinder,context=2e3a5237,type=ConfigurationPropertiesRebinder]
2019-12-03 13:59:46.930 INFO  org.springframework.jmx.export.annotation.AnnotationMBeanExporter Line:668 - Located MBean 'dataSource': registering with JMX server as MBean [com.alibaba.druid.pool:name=dataSource,type=DruidDataSource]
2019-12-03 13:59:46.936 INFO  org.springframework.context.support.DefaultLifecycleProcessor Line:351 - Starting beans in phase 0
2019-12-03 13:59:46.953 INFO  org.apache.coyote.http11.Http11NioProtocol Line:180 - Starting ProtocolHandler ["http-nio-9090"]
2019-12-03 13:59:46.959 INFO  org.apache.tomcat.util.net.NioSelectorPool Line:180 - Using a shared selector for servlet write/read
2019-12-03 13:59:46.974 INFO  org.springframework.boot.web.embedded.tomcat.TomcatWebServer Line:206 - Tomcat started on port(s): 9090 (http) with context path ''
2019-12-03 13:59:47.050 INFO  org.springframework.cloud.alibaba.nacos.registry.NacosServiceRegistry Line:64  - nacos registry, hetao-service 192.168.128.250:9090 register finished
2019-12-03 13:59:47.054 INFO  com.baxianguohai.hetao.service.HeTaoServiceApplication Line:59  - Started HeTaoServiceApplication in 5.902 seconds (JVM running for 6.488)
2019-12-03 13:59:47.200 INFO  org.apache.catalina.core.ContainerBase.[Tomcat].[localhost].[/] Line:180 - Initializing Spring FrameworkServlet 'dispatcherServlet'
2019-12-03 13:59:47.201 INFO  org.springframework.web.servlet.DispatcherServlet Line:494 - FrameworkServlet 'dispatcherServlet': initialization started
2019-12-03 13:59:47.225 INFO  org.springframework.web.servlet.DispatcherServlet Line:509 - FrameworkServlet 'dispatcherServlet': initialization completed in 24 ms
2019-12-03 14:02:45.809 INFO  org.springframework.boot.web.servlet.context.AnnotationConfigServletWebServerApplicationContext Line:993 - Closing org.springframework.boot.web.servlet.context.AnnotationConfigServletWebServerApplicationContext@2e3a5237: startup date [Tue Dec 03 13:59:42 CST 2019]; parent: org.springframework.context.annotation.AnnotationConfigApplicationContext@7a560583
2019-12-03 14:02:45.812 INFO  org.springframework.context.support.DefaultLifecycleProcessor Line:366 - Stopping beans in phase 0
2019-12-03 14:02:45.814 INFO  org.springframework.cloud.alibaba.nacos.registry.NacosServiceRegistry Line:76  - De-registering from Nacos Server now...
2019-12-03 14:02:46.124 INFO  org.springframework.cloud.alibaba.nacos.registry.NacosServiceRegistry Line:95  - De-registration finished.
2019-12-03 14:02:46.127 INFO  org.springframework.jmx.export.annotation.AnnotationMBeanExporter Line:451 - Unregistering JMX-exposed beans on shutdown
2019-12-03 14:02:46.128 INFO  org.springframework.jmx.export.annotation.AnnotationMBeanExporter Line:185 - Unregistering JMX-exposed beans
